


materialPath: C:\Program Files (x86)\Steam\steamapps\sourcemods\tf_coop\materials
Loading c:\program files (x86)\steam\steamapps\sourcemods\tf_coop\maps\vmfmaps\hl2-mappack\d1_canals_05_fix.vmf
ConVarRef mat_reduceparticles doesn't point to an existing ConVar
Could not locate 'GameData' key in c:\program files (x86)\steam\steamapps\sourcemods\tf_coop\gameinfo.txt
Patching WVT material: maps/d1_canals_05_fix/nature/blendsandrock004a_wvt_patch
Patching WVT material: maps/d1_canals_05_fix/nature/blendtoxictoxic004a_wvt_patch
fixing up env_cubemap materials on brush sides...
0...1...2...3...4...5...6...7...8...9...10**** leaked ****
Entity prop_static (1824.00 -4416.00 -8087.00) leaked!

FindPortalSide: Couldn't find a good match for which brush to assign to a portal near (12288.0 7680.0 -5648.0)
Leaf 0 contents: 
Leaf 1 contents: CONTENTS_SOLID 
viscontents (node 0 contents ^ node 1 contents): CONTENTS_SOLID 
This means that none of the brushes in leaf 0 or 1 that touches the portal has CONTENTS_SOLID 
Check for a huge brush enclosing the coordinates above that has contents CONTENTS_SOLID 
Candidate brush IDs: 


FindPortalSide: Couldn't find a good match for which brush to assign to a portal near (11776.0 8192.0 -5648.0)
Leaf 0 contents: 
Leaf 1 contents: CONTENTS_SOLID 
viscontents (node 0 contents ^ node 1 contents): CONTENTS_SOLID 
This means that none of the brushes in leaf 0 or 1 that touches the portal has CONTENTS_SOLID 
Check for a huge brush enclosing the coordinates above that has contents CONTENTS_SOLID 
Candidate brush IDs: 


FindPortalSide: Couldn't find a good match for which brush to assign to a portal near (10752.0 8192.0 -5648.0)
Leaf 0 contents: 
Leaf 1 contents: CONTENTS_SOLID 
viscontents (node 0 contents ^ node 1 contents): CONTENTS_SOLID 
This means that none of the brushes in leaf 0 or 1 that touches the portal has CONTENTS_SOLID 
Check for a huge brush enclosing the coordinates above that has contents CONTENTS_SOLID 
Candidate brush IDs: 


FindPortalSide: Couldn't find a good match for which brush to assign to a portal near (12288.0 6656.0 -5648.0)
Leaf 0 contents: 
Leaf 1 contents: CONTENTS_SOLID 
viscontents (node 0 contents ^ node 1 contents): CONTENTS_SOLID 
This means that none of the brushes in leaf 0 or 1 that touches the portal has CONTENTS_SOLID 
Check for a huge brush enclosing the coordinates above that has contents CONTENTS_SOLID 
Candidate brush IDs: 


FindPortalSide: Couldn't find a good match for which brush to assign to a portal near (12288.0 5632.0 -5648.0)
Leaf 0 contents: 
Leaf 1 contents: CONTENTS_SOLID 
viscontents (node 0 contents ^ node 1 contents): CONTENTS_SOLID 
This means that none of the brushes in leaf 0 or 1 that touches the portal has CONTENTS_SOLID 
Check for a huge brush enclosing the coordinates above that has contents CONTENTS_SOLID 
Candidate brush IDs: 


FindPortalSide: Couldn't find a good match for which brush to assign to a portal near (12288.0 4608.0 -5648.0)
Leaf 0 contents: 
Leaf 1 contents: CONTENTS_SOLID 
viscontents (node 0 contents ^ node 1 contents): CONTENTS_SOLID 
This means that none of the brushes in leaf 0 or 1 that touches the portal has CONTENTS_SOLID 
Check for a huge brush enclosing the coordinates above that has contents CONTENTS_SOLID 
Candidate brush IDs: 


FindPortalSide: Couldn't find a good match for which brush to assign to a portal near (9728.0 8192.0 -5648.0)
Leaf 0 contents: 
Leaf 1 contents: CONTENTS_SOLID 
viscontents (node 0 contents ^ node 1 contents): CONTENTS_SOLID 
This means that none of the brushes in leaf 0 or 1 that touches the portal has CONTENTS_SOLID 
Check for a huge brush enclosing the coordinates above that has contents CONTENTS_SOLID 
Candidate brush IDs: 


FindPortalSide: Couldn't find a good match for which brush to assign to a portal near (8704.0 8192.0 -5648.0)
Leaf 0 contents: 
Leaf 1 contents: CONTENTS_SOLID 
viscontents (node 0 contents ^ node 1 contents): CONTENTS_SOLID 
This means that none of the brushes in leaf 0 or 1 that touches the portal has CONTENTS_SOLID 
Check for a huge brush enclosing the coordinates above that has contents CONTENTS_SOLID 
Candidate brush IDs: 

*** Suppressing further FindPortalSide errors.... ***
Processing areas...
Brush 1785216: areaportal brush doesn't touch two areas

Brush 1788354: areaportal brush doesn't touch two areas

Brush 1809174: areaportal brush doesn't touch two areas

Brush 1785216: areaportal brush doesn't touch two areas

Brush 1788354: areaportal brush doesn't touch two areas

Brush 1785284: areaportal brush doesn't touch two areas

Brush 1785284: areaportal brush doesn't touch two areas

Brush 1785285: areaportal brush doesn't touch two areas

Brush 1785216: areaportal brush doesn't touch two areas

Brush 1785216: areaportal brush doesn't touch two areas

Brush 1785285: areaportal brush doesn't touch two areas

Brush 1785216: areaportal brush doesn't touch two areas

Brush 1785285: areaportal brush doesn't touch two areas

Brush 1785175: areaportal brush doesn't touch two areas

Brush 1785175: areaportal brush doesn't touch two areas

Brush 1785175: areaportal brush doesn't touch two areas

Brush 1785175: areaportal brush doesn't touch two areas

Brush 1785175: areaportal brush doesn't touch two areas

Brush 1785617: areaportal brush doesn't touch two areas

Brush 1785175: areaportal brush doesn't touch two areas

Brush 1785617: areaportal brush doesn't touch two areas

Brush 1785216: areaportal brush doesn't touch two areas

Brush 1785285: areaportal brush doesn't touch two areas

Brush 1785216: areaportal brush doesn't touch two areas

Brush 1785175: areaportal brush doesn't touch two areas

Brush 1785285: areaportal brush doesn't touch two areas

Brush 1785617: areaportal brush doesn't touch two areas

Brush 1785175: areaportal brush doesn't touch two areas

Brush 1785175: areaportal brush doesn't touch two areas

Brush 1785175: areaportal brush doesn't touch two areas

Brush 1785175: areaportal brush doesn't touch two areas

Brush 1785175: areaportal brush doesn't touch two areas

Brush 1785175: areaportal brush doesn't touch two areas

Brush 1785216: areaportal brush doesn't touch two areas

Brush 1785216: areaportal brush doesn't touch two areas

Brush 1785216: areaportal brush doesn't touch two areas

Brush 1785216: areaportal brush doesn't touch two areas

Brush 1785216: areaportal brush doesn't touch two areas

Brush 1785216: areaportal brush doesn't touch two areas

Brush 1785216: areaportal brush doesn't touch two areas

Brush 1785216: areaportal brush doesn't touch two areas

Brush 1785216: areaportal brush doesn't touch two areas

Brush 1785216: areaportal brush doesn't touch two areas

Brush 1785216: areaportal brush doesn't touch two areas

Brush 1785216: areaportal brush doesn't touch two areas

Brush 1785216: areaportal brush doesn't touch two areas

Brush 1785216: areaportal brush doesn't touch two areas

Brush 1785216: areaportal brush doesn't touch two areas

Brush 1785216: areaportal brush doesn't touch two areas

Brush 1785216: areaportal brush doesn't touch two areas

Brush 1785216: areaportal brush doesn't touch two areas

Brush 1785175: areaportal brush doesn't touch two areas

Brush 1785216: areaportal brush doesn't touch two areas

Brush 1785216: areaportal brush doesn't touch two areas

Brush 1785175: areaportal brush doesn't touch two areas

Brush 1785216: areaportal brush doesn't touch two areas

Brush 1785216: areaportal brush doesn't touch two areas

Brush 1785175: areaportal brush doesn't touch two areas

Brush 1785175: areaportal brush doesn't touch two areas

Brush 1785175: areaportal brush doesn't touch two areas

Brush 1785175: areaportal brush doesn't touch two areas

Brush 1785175: areaportal brush doesn't touch two areas

Brush 1785175: areaportal brush doesn't touch two areas

Brush 1785175: areaportal brush doesn't touch two areas

Brush 1785216: areaportal brush doesn't touch two areas

Brush 1785216: areaportal brush doesn't touch two areas

Brush 1785175: areaportal brush doesn't touch two areas

Brush 1785175: areaportal brush doesn't touch two areas

Brush 1785175: areaportal brush doesn't touch two areas

Brush 1785175: areaportal brush doesn't touch two areas

Brush 1785175: areaportal brush doesn't touch two areas

Brush 1785175: areaportal brush doesn't touch two areas

Brush 1785175: areaportal brush doesn't touch two areas

Brush 1785175: areaportal brush doesn't touch two areas

Brush 1785175: areaportal brush doesn't touch two areas

Brush 1785175: areaportal brush doesn't touch two areas
done (0)
Building Faces...done (0)
Chop Details...done (0)
Find Visible Detail Sides...
Merged 1242 detail faces...done (0)
Merging details...done (0)
FixTjuncs...
PruneNodes...
WriteBSP...
done (1)
Creating default LDR cubemaps for env_cubemap using skybox materials:
   skybox/sky_day01_05_hdr*.vmt
 ! Run buildcubemaps in the engine to get the correct cube maps.
Creating default HDR cubemaps for env_cubemap using skybox materials:
   skybox/sky_day01_05_hdr*.vmt
 ! Run buildcubemaps in the engine to get the correct cube maps.
Finding displacement neighbors...
Finding lightmap sample positions...
Displacement Alpha : 0...1...2...3...4...5...6...7...8...9...10
Building Physics collision data...
WARNING: Map using power 4 displacements, terrain physics cannot be compressed, map will need additional memory and CPU.
done (1) (2099783 bytes)
Static prop models/props_combine/Combine_Citadel001b_open.mdl outside the map (1824.00, -4416.00, -8087.00)
Placing detail props : 0...1...2...3...4...5...6...7...8...9...10
Compacting texture/material tables...
Reduced 5756 texinfos to 2994
Reduced 229 texdatas to 197 (9648 bytes to 8106)
Writing c:\program files (x86)\steam\steamapps\sourcemods\tf_coop\maps\vmfmaps\hl2-mappack\d1_canals_05_fix.bsp
Wrote ZIP buffer, estimated size 4720195, actual size 4692645
19 seconds elapsed



4 threads
reading c:\program files (x86)\steam\steamapps\sourcemods\tf_coop\maps\vmfmaps\hl2-mappack\d1_canals_05_fix.bsp
reading c:\program files (x86)\steam\steamapps\sourcemods\tf_coop\maps\vmfmaps\hl2-mappack\d1_canals_05_fix.prt
LoadPortals: couldn't read c:\program files (x86)\steam\steamapps\sourcemods\tf_coop\maps\vmfmaps\hl2-mappack\d1_canals_05_fix.prt



[Reading texlights from 'lights.rad']
[53 texlights parsed from 'lights.rad']

Loading c:\program files (x86)\steam\steamapps\sourcemods\tf_coop\maps\vmfmaps\hl2-mappack\d1_canals_05_fix.bsp
No vis information, direct lighting only.
10497 faces
6 degenerate faces
9450738 square feet [1360906240.00 square inches]
104 Displacements
544934 Square Feet [78470616.00 Square Inches]
95 direct lights
0...1...2...3...4...5...6...7...8...9...10Build Patch/Sample Hash Table(s).....Done<0.1091 sec>
0...1...2...3...4...5...6...7...8...9...10FinalLightFace Done
0 of 0 (0% of) surface lights went in leaf ambient cubes.
0...1...2...3...4...5...6...7...8...9...10Writing leaf ambient...done
Ready to Finish

Object names       Objects/Maxobjs  Memory / Maxmem  Fullness 
------------       ---------------  ---------------  -------- 
models                 132/1024         6336/49152    (12.9%) 
brushes               2096/8192        25152/98304    (25.6%) 
brushsides           21220/65536      169760/524288   (32.4%) 
planes               22618/65536      452360/1310720  (34.5%) 
vertexes             17396/65536      208752/786432   (26.5%) 
nodes                 5986/65536      191552/2097152  ( 9.1%) 
texinfos              2994/12288      215568/884736   (24.4%) 
texdata                197/2048         6304/65536    ( 9.6%) 
dispinfos              104/0           18304/0        ( 0.0%) 
disp_verts            7288/0          145760/0        ( 0.0%) 
disp_tris            11584/0           23168/0        ( 0.0%) 
disp_lmsamples      165807/0          165807/0        ( 0.0%) 
faces                10497/65536      587832/3670016  (16.0%) 
hdr faces                0/65536           0/3670016  ( 0.0%) 
origfaces             6414/65536      359184/3670016  ( 9.8%) 
leaves                6119/65536      195808/2097152  ( 9.3%) 
leaffaces            13336/65536       26672/131072   (20.3%) 
leafbrushes           5102/65536       10204/131072   ( 7.8%) 
areas                    5/256            40/2048     ( 2.0%) 
surfedges            76294/512000     305176/2048000  (14.9%) 
edges                45373/256000     181492/1024000  (17.7%) 
LDR worldlights         92/8192         8096/720896   ( 1.1%) 
HDR worldlights          0/8192            0/720896   ( 0.0%) 
leafwaterdata            7/32768          84/393216   ( 0.0%) 
waterstrips           1156/32768       11560/327680   ( 3.5%) 
waterverts               0/65536           0/786432   ( 0.0%) 
waterindices         21993/65536       43986/131072   (33.6%) 
cubemapsamples          43/1024          688/16384    ( 4.2%) 
overlays                24/512          8448/180224   ( 4.7%) 
LDR lightdata         [variable]     6208324/0        ( 0.0%) 
HDR lightdata         [variable]           0/0        ( 0.0%) 
visdata               [variable]           0/16777216 ( 0.0%) 
entdata               [variable]      291622/393216   (74.2%) 
LDR ambient table     6119/65536       24476/262144   ( 9.3%) 
HDR ambient table     6119/65536       24476/262144   ( 9.3%) 
LDR leaf ambient     38469/65536     1077132/1835008  (58.7%) 
HDR leaf ambient      6119/65536      171332/1835008  ( 9.3%) 
occluders                6/0             240/0        ( 0.0%) 
occluder polygons       25/0             300/0        ( 0.0%) 
occluder vert ind      101/0             404/0        ( 0.0%) 
detail props          [variable]           1/12       ( 8.3%) 
static props          [variable]           1/24774    ( 0.0%) 
pakfile               [variable]     4692645/0        ( 0.0%) 
physics               [variable]     2099783/4194304  (50.1%) 
physics terrain       [variable]           0/1048576  ( 0.0%) 

Level flags = 0

Total triangle count: 29636
Writing c:\program files (x86)\steam\steamapps\sourcemods\tf_coop\maps\vmfmaps\hl2-mappack\d1_canals_05_fix.bsp
10 minutes, 56 seconds elapsed



[Reading texlights from 'lights.rad']
[53 texlights parsed from 'lights.rad']

Loading c:\program files (x86)\steam\steamapps\sourcemods\tf_coop\maps\vmfmaps\hl2-mappack\d1_canals_05_fix.bsp
No vis information, direct lighting only.
10497 faces
6 degenerate faces
9450738 square feet [1360906240.00 square inches]
104 Displacements
544934 Square Feet [78470616.00 Square Inches]
95 direct lights
0...1...2...3...4...5...6...7...8...9...10Build Patch/Sample Hash Table(s).....Done<0.0525 sec>
0...1...2...3...4...5...6...7...8...9...10FinalLightFace Done
0 of 0 (0% of) surface lights went in leaf ambient cubes.
0...1...2...3...4...5...6...7...8...9...10Writing leaf ambient...done
Ready to Finish

Object names       Objects/Maxobjs  Memory / Maxmem  Fullness 
------------       ---------------  ---------------  -------- 
models                 132/1024         6336/49152    (12.9%) 
brushes               2096/8192        25152/98304    (25.6%) 
brushsides           21220/65536      169760/524288   (32.4%) 
planes               22618/65536      452360/1310720  (34.5%) 
vertexes             17396/65536      208752/786432   (26.5%) 
nodes                 5986/65536      191552/2097152  ( 9.1%) 
texinfos              2994/12288      215568/884736   (24.4%) 
texdata                197/2048         6304/65536    ( 9.6%) 
dispinfos              104/0           18304/0        ( 0.0%) 
disp_verts            7288/0          145760/0        ( 0.0%) 
disp_tris            11584/0           23168/0        ( 0.0%) 
disp_lmsamples      165807/0          165807/0        ( 0.0%) 
faces                10497/65536      587832/3670016  (16.0%) 
hdr faces            10497/65536      587832/3670016  (16.0%) 
origfaces             6414/65536      359184/3670016  ( 9.8%) 
leaves                6119/65536      195808/2097152  ( 9.3%) 
leaffaces            13336/65536       26672/131072   (20.3%) 
leafbrushes           5102/65536       10204/131072   ( 7.8%) 
areas                    5/256            40/2048     ( 2.0%) 
surfedges            76294/512000     305176/2048000  (14.9%) 
edges                45373/256000     181492/1024000  (17.7%) 
LDR worldlights         92/8192         8096/720896   ( 1.1%) 
HDR worldlights         92/8192         8096/720896   ( 1.1%) 
leafwaterdata            7/32768          84/393216   ( 0.0%) 
waterstrips           1156/32768       11560/327680   ( 3.5%) 
waterverts               0/65536           0/786432   ( 0.0%) 
waterindices         21993/65536       43986/131072   (33.6%) 
cubemapsamples          43/1024          688/16384    ( 4.2%) 
overlays                24/512          8448/180224   ( 4.7%) 
LDR lightdata         [variable]     6208324/0        ( 0.0%) 
HDR lightdata         [variable]     6208324/0        ( 0.0%) 
visdata               [variable]           0/16777216 ( 0.0%) 
entdata               [variable]      291622/393216   (74.2%) 
LDR ambient table     6119/65536       24476/262144   ( 9.3%) 
HDR ambient table     6119/65536       24476/262144   ( 9.3%) 
LDR leaf ambient     38469/65536     1077132/1835008  (58.7%) 
HDR leaf ambient     38067/65536     1065876/1835008  (58.1%) 
occluders                6/0             240/0        ( 0.0%) 
occluder polygons       25/0             300/0        ( 0.0%) 
occluder vert ind      101/0             404/0        ( 0.0%) 
detail props          [variable]           1/12       ( 8.3%) 
static props          [variable]           1/24774    ( 0.0%) 
pakfile               [variable]     4692645/0        ( 0.0%) 
physics               [variable]     2099783/4194304  (50.1%) 
physics terrain       [variable]           0/1048576  ( 0.0%) 

Level flags = 0

Total triangle count: 29636
Writing c:\program files (x86)\steam\steamapps\sourcemods\tf_coop\maps\vmfmaps\hl2-mappack\d1_canals_05_fix.bsp
10 minutes, 15 seconds elapsed
